# JRE version: OpenJDK Runtime Environment (8.0_202-b03) (build 1.8.0_202-release-1483-b03)
# Java VM: OpenJDK 64-Bit Server VM (25.202-b03 mixed mode windows-amd64 compressed oops)
Heap:
 PSYoungGen      total 372224K, used 139698K [0x00000000e0000000, 0x0000000100000000, 0x0000000100000000)
  eden space 290816K, 20% used [0x00000000e0000000,0x00000000e38ee378,0x00000000f1c00000)
  from space 81408K, 99% used [0x00000000f1c00000,0x00000000f6b7e518,0x00000000f6b80000)
  to   space 100352K, 0% used [0x00000000f9e00000,0x00000000f9e00000,0x0000000100000000)
 ParOldGen       total 244224K, used 105590K [0x00000000a0000000, 0x00000000aee80000, 0x00000000e0000000)
  object space 244224K, 43% used [0x00000000a0000000,0x00000000a671da38,0x00000000aee80000)
 Metaspace       used 99477K, capacity 102870K, committed 104064K, reserved 1140736K
  class space    used 12469K, capacity 13137K, committed 13440K, reserved 1048576K
GC Heap History (10 events):
Event: 3135.916 GC heap before
{Heap before GC invocations=27 (full 4):
 PSYoungGen      total 283648K, used 277969K [0x00000000e0000000, 0x00000000f6180000, 0x0000000100000000)
  eden space 230400K, 99% used [0x00000000e0000000,0x00000000ee0d87f0,0x00000000ee100000)
  from space 53248K, 89% used [0x00000000f1c00000,0x00000000f4a9bc80,0x00000000f5000000)
  to   space 60416K, 0% used [0x00000000ee100000,0x00000000ee100000,0x00000000f1c00000)
 ParOldGen       total 244224K, used 88897K [0x00000000a0000000, 0x00000000aee80000, 0x00000000e0000000)
  object space 244224K, 36% used [0x00000000a0000000,0x00000000a56d0708,0x00000000aee80000)
 Metaspace       used 98157K, capacity 101426K, committed 102912K, reserved 1138688K
  class space    used 12316K, capacity 12973K, committed 13312K, reserved 1048576K
Event: 3135.984 GC heap after
Heap after GC invocations=27 (full 4):
 PSYoungGen      total 290816K, used 55334K [0x00000000e0000000, 0x00000000f8c80000, 0x0000000100000000)
  eden space 230400K, 0% used [0x00000000e0000000,0x00000000e0000000,0x00000000ee100000)
  from space 60416K, 91% used [0x00000000ee100000,0x00000000f1709b40,0x00000000f1c00000)
  to   space 68608K, 0% used [0x00000000f4980000,0x00000000f4980000,0x00000000f8c80000)
 ParOldGen       total 244224K, used 88905K [0x00000000a0000000, 0x00000000aee80000, 0x00000000e0000000)
  object space 244224K, 36% used [0x00000000a0000000,0x00000000a56d2708,0x00000000aee80000)
 Metaspace       used 98157K, capacity 101426K, committed 102912K, reserved 1138688K
  class space    used 12316K, capacity 12973K, committed 13312K, reserved 1048576K
}
Event: 3138.726 GC heap before
{Heap before GC invocations=28 (full 4):
 PSYoungGen      total 290816K, used 285734K [0x00000000e0000000, 0x00000000f8c80000, 0x0000000100000000)
  eden space 230400K, 100% used [0x00000000e0000000,0x00000000ee100000,0x00000000ee100000)
  from space 60416K, 91% used [0x00000000ee100000,0x00000000f1709b40,0x00000000f1c00000)
  to   space 68608K, 0% used [0x00000000f4980000,0x00000000f4980000,0x00000000f8c80000)
 ParOldGen       total 244224K, used 88905K [0x00000000a0000000, 0x00000000aee80000, 0x00000000e0000000)
  object space 244224K, 36% used [0x00000000a0000000,0x00000000a56d2708,0x00000000aee80000)
 Metaspace       used 98304K, capacity 101616K, committed 103168K, reserved 1138688K
  class space    used 12334K, capacity 12988K, committed 13312K, reserved 1048576K
Event: 3138.797 GC heap after
Heap after GC invocations=28 (full 4):
 PSYoungGen      total 331264K, used 53792K [0x00000000e0000000, 0x00000000f9a00000, 0x0000000100000000)
  eden space 262656K, 0% used [0x00000000e0000000,0x00000000e0000000,0x00000000f0080000)
  from space 68608K, 78% used [0x00000000f4980000,0x00000000f7e081e0,0x00000000f8c80000)
  to   space 74752K, 0% used [0x00000000f0080000,0x00000000f0080000,0x00000000f4980000)
 ParOldGen       total 244224K, used 88905K [0x00000000a0000000, 0x00000000aee80000, 0x00000000e0000000)
  object space 244224K, 36% used [0x00000000a0000000,0x00000000a56d2708,0x00000000aee80000)
 Metaspace       used 98304K, capacity 101616K, committed 103168K, reserved 1138688K
  class space    used 12334K, capacity 12988K, committed 13312K, reserved 1048576K
}
Event: 3146.461 GC heap before
{Heap before GC invocations=29 (full 4):
 PSYoungGen      total 331264K, used 316448K [0x00000000e0000000, 0x00000000f9a00000, 0x0000000100000000)
  eden space 262656K, 100% used [0x00000000e0000000,0x00000000f0080000,0x00000000f0080000)
  from space 68608K, 78% used [0x00000000f4980000,0x00000000f7e081e0,0x00000000f8c80000)
  to   space 74752K, 0% used [0x00000000f0080000,0x00000000f0080000,0x00000000f4980000)
 ParOldGen       total 244224K, used 88905K [0x00000000a0000000, 0x00000000aee80000, 0x00000000e0000000)
  object space 244224K, 36% used [0x00000000a0000000,0x00000000a56d2708,0x00000000aee80000)
 Metaspace       used 98819K, capacity 102146K, committed 103424K, reserved 1138688K
  class space    used 12399K, capacity 13069K, committed 13312K, reserved 1048576K
Event: 3146.520 GC heap after
Heap after GC invocations=29 (full 4):
 PSYoungGen      total 337408K, used 52468K [0x00000000e0000000, 0x00000000fb880000, 0x0000000100000000)
  eden space 262656K, 0% used [0x00000000e0000000,0x00000000e0000000,0x00000000f0080000)
  from space 74752K, 70% used [0x00000000f0080000,0x00000000f33bd160,0x00000000f4980000)
  to   space 78848K, 0% used [0x00000000f6b80000,0x00000000f6b80000,0x00000000fb880000)
 ParOldGen       total 244224K, used 88913K [0x00000000a0000000, 0x00000000aee80000, 0x00000000e0000000)
  object space 244224K, 36% used [0x00000000a0000000,0x00000000a56d4708,0x00000000aee80000)
 Metaspace       used 98819K, capacity 102146K, committed 103424K, reserved 1138688K
  class space    used 12399K, capacity 13069K, committed 13312K, reserved 1048576K
}
Event: 3148.283 GC heap before
{Heap before GC invocations=30 (full 4):
 PSYoungGen      total 337408K, used 315124K [0x00000000e0000000, 0x00000000fb880000, 0x0000000100000000)
  eden space 262656K, 100% used [0x00000000e0000000,0x00000000f0080000,0x00000000f0080000)
  from space 74752K, 70% used [0x00000000f0080000,0x00000000f33bd160,0x00000000f4980000)
  to   space 78848K, 0% used [0x00000000f6b80000,0x00000000f6b80000,0x00000000fb880000)
 ParOldGen       total 244224K, used 88913K [0x00000000a0000000, 0x00000000aee80000, 0x00000000e0000000)
  object space 244224K, 36% used [0x00000000a0000000,0x00000000a56d4708,0x00000000aee80000)
 Metaspace       used 99171K, capacity 102618K, committed 103680K, reserved 1140736K
  class space    used 12447K, capacity 13103K, committed 13312K, reserved 1048576K
Event: 3148.354 GC heap after
Heap after GC invocations=30 (full 4):
 PSYoungGen      total 369664K, used 49752K [0x00000000e0000000, 0x00000000fc280000, 0x0000000100000000)
  eden space 290816K, 0% used [0x00000000e0000000,0x00000000e0000000,0x00000000f1c00000)
  from space 78848K, 63% used [0x00000000f6b80000,0x00000000f9c16240,0x00000000fb880000)
  to   space 81408K, 0% used [0x00000000f1c00000,0x00000000f1c00000,0x00000000f6b80000)
 ParOldGen       total 244224K, used 88921K [0x00000000a0000000, 0x00000000aee80000, 0x00000000e0000000)
  object space 244224K, 36% used [0x00000000a0000000,0x00000000a56d6708,0x00000000aee80000)
 Metaspace       used 99171K, capacity 102618K, committed 103680K, reserved 1140736K
  class space    used 12447K, capacity 13103K, committed 13312K, reserved 1048576K
}
Event: 3154.090 GC heap before
{Heap before GC invocations=31 (full 4):
 PSYoungGen      total 369664K, used 340568K [0x00000000e0000000, 0x00000000fc280000, 0x0000000100000000)
  eden space 290816K, 100% used [0x00000000e0000000,0x00000000f1c00000,0x00000000f1c00000)
  from space 78848K, 63% used [0x00000000f6b80000,0x00000000f9c16240,0x00000000fb880000)
  to   space 81408K, 0% used [0x00000000f1c00000,0x00000000f1c00000,0x00000000f6b80000)
 ParOldGen       total 244224K, used 88921K [0x00000000a0000000, 0x00000000aee80000, 0x00000000e0000000)
  object space 244224K, 36% used [0x00000000a0000000,0x00000000a56d6708,0x00000000aee80000)
 Metaspace       used 99435K, capacity 102870K, committed 104064K, reserved 1140736K
  class space    used 12467K, capacity 13137K, committed 13440K, reserved 1048576K
Event: 3154.216 GC heap after
Heap after GC invocations=31 (full 4):
 PSYoungGen      total 372224K, used 81401K [0x00000000e0000000, 0x0000000100000000, 0x0000000100000000)
  eden space 290816K, 0% used [0x00000000e0000000,0x00000000e0000000,0x00000000f1c00000)
  from space 81408K, 99% used [0x00000000f1c00000,0x00000000f6b7e518,0x00000000f6b80000)
  to   space 100352K, 0% used [0x00000000f9e00000,0x00000000f9e00000,0x0000000100000000)
 ParOldGen       total 244224K, used 105590K [0x00000000a0000000, 0x00000000aee80000, 0x00000000e0000000)
  object space 244224K, 43% used [0x00000000a0000000,0x00000000a671da38,0x00000000aee80000)
 Metaspace       used 99435K, capacity 102870K, committed 104064K, reserved 1140736K
  class space    used 12467K, capacity 13137K, committed 13440K, reserved 1048576K
}

